app/build/outputs/logs/manifest-merger-debug-report.txt
-- Merging decision tree log ---
manifest
ADDED from src\main\AndroidManifest.xml:1:1-104:12
INJECTED from src\main\AndroidManifest.xml:1:1-104:12
INJECTED from src\main\AndroidManifest.xml:1:1-104:12
INJECTED from src\main\AndroidManifest.xml:1:1-104:12
MERGED from [com.android.support:support-v4:24.2.1] AndroidManifest.xml:17:1-27:12
MERGED from [com.android.support:support-fragment:24.2.1] AndroidManifest.xml:17:1-27:12
MERGED from [com.android.support:support-media-compat:24.2.1] AndroidManifest.xml:17:1-27:12
MERGED from [com.android.support:support-core-utils:24.2.1] AndroidManifest.xml:17:1-27:12
MERGED from [com.android.support:support-core-ui:24.2.1] AndroidManifest.xml:17:1-27:12
MERGED from [com.android.support:support-compat:24.2.1] AndroidManifest.xml:17:1-27:12
INJECTED from src\main\AndroidManifest.xml:1:1-104:12
INJECTED from src\main\AndroidManifest.xml:1:1-104:12
INJECTED from src\main\AndroidManifest.xml:1:1-104:12
	package
		ADDED from src\main\AndroidManifest.xml:2:5-34
		INJECTED from src\main\AndroidManifest.xml
		INJECTED from src\main\AndroidManifest.xml
	android:versionName
		ADDED from src\main\AndroidManifest.xml:4:5-30
		INJECTED from src\main\AndroidManifest.xml
		INJECTED from src\main\AndroidManifest.xml
	xmlns:android
		ADDED from src\main\AndroidManifest.xml:1:11-69
	android:versionCode
		ADDED from src\main\AndroidManifest.xml:3:5-36
		INJECTED from src\main\AndroidManifest.xml
		INJECTED from src\main\AndroidManifest.xml
uses-sdk
ADDED from src\main\AndroidManifest.xml:7:5-10:37
INJECTED from src\main\AndroidManifest.xml:7:5-10:37
INJECTED from src\main\AndroidManifest.xml:7:5-10:37
MERGED from [com.android.support:support-v4:24.2.1] AndroidManifest.xml:21:5-23:54
MERGED from [com.android.support:support-v4:24.2.1] AndroidManifest.xml:21:5-23:54
MERGED from [com.android.support:support-fragment:24.2.1] AndroidManifest.xml:21:5-23:60
MERGED from [com.android.support:support-fragment:24.2.1] AndroidManifest.xml:21:5-23:60
MERGED from [com.android.support:support-media-compat:24.2.1] AndroidManifest.xml:21:5-23:63
MERGED from [com.android.support:support-media-compat:24.2.1] AndroidManifest.xml:21:5-23:63
MERGED from [com.android.support:support-core-utils:24.2.1] AndroidManifest.xml:21:5-23:61
MERGED from [com.android.support:support-core-utils:24.2.1] AndroidManifest.xml:21:5-23:61
MERGED from [com.android.support:support-core-ui:24.2.1] AndroidManifest.xml:21:5-23:58
MERGED from [com.android.support:support-core-ui:24.2.1] AndroidManifest.xml:21:5-23:58
MERGED from [com.android.support:support-compat:24.2.1] AndroidManifest.xml:21:5-23:58
MERGED from [com.android.support:support-compat:24.2.1] AndroidManifest.xml:21:5-23:58
INJECTED from src\main\AndroidManifest.xml:7:5-10:37
INJECTED from src\main\AndroidManifest.xml:7:5-10:37
	tools:overrideLibrary
		ADDED from [com.android.support:support-v4:24.2.1] AndroidManifest.xml:23:9-51
	android:maxSdkVersion
		ADDED from src\main\AndroidManifest.xml:10:9-35
	android:targetSdkVersion
		ADDED from src\main\AndroidManifest.xml:9:9-38
		INJECTED from src\main\AndroidManifest.xml
		INJECTED from src\main\AndroidManifest.xml
	android:minSdkVersion
		ADDED from src\main\AndroidManifest.xml:8:9-35
		INJECTED from src\main\AndroidManifest.xml
		INJECTED from src\main\AndroidManifest.xml
application
ADDED from src\main\AndroidManifest.xml:12:5-77:19
MERGED from [com.android.support:support-v4:24.2.1] AndroidManifest.xml:25:5-20
MERGED from [com.android.support:support-v4:24.2.1] AndroidManifest.xml:25:5-20
MERGED from [com.android.support:support-fragment:24.2.1] AndroidManifest.xml:25:5-20
MERGED from [com.android.support:support-fragment:24.2.1] AndroidManifest.xml:25:5-20
MERGED from [com.android.support:support-media-compat:24.2.1] AndroidManifest.xml:25:5-20
MERGED from [com.android.support:support-media-compat:24.2.1] AndroidManifest.xml:25:5-20
MERGED from [com.android.support:support-core-utils:24.2.1] AndroidManifest.xml:25:5-20
MERGED from [com.android.support:support-core-utils:24.2.1] AndroidManifest.xml:25:5-20
MERGED from [com.android.support:support-core-ui:24.2.1] AndroidManifest.xml:25:5-20
MERGED from [com.android.support:support-core-ui:24.2.1] AndroidManifest.xml:25:5-20
MERGED from [com.android.support:support-compat:24.2.1] AndroidManifest.xml:25:5-20
MERGED from [com.android.support:support-compat:24.2.1] AndroidManifest.xml:25:5-20
	android:label
		ADDED from src\main\AndroidManifest.xml:15:9-41
	android:icon
		ADDED from src\main\AndroidManifest.xml:14:9-45
	android:allowBackup
		ADDED from src\main\AndroidManifest.xml:13:9-35
	android:theme
		ADDED from src\main\AndroidManifest.xml:16:9-50
activity#com.dream.agingtest.MainActivity
ADDED from src\main\AndroidManifest.xml:18:9-27:20
	android:screenOrientation
		ADDED from src\main\AndroidManifest.xml:20:13-49
	android:label
		ADDED from src\main\AndroidManifest.xml:19:13-45
	android:configChanges
		ADDED from src\main\AndroidManifest.xml:21:13-72
	android:name
		ADDED from src\main\AndroidManifest.xml:18:19-66
intent-filter#action:name:android.intent.action.MAIN
ADDED from src\main\AndroidManifest.xml:22:11-26:29
action#android.intent.action.MAIN
ADDED from src\main\AndroidManifest.xml:23:17-69
	android:name
		ADDED from src\main\AndroidManifest.xml:23:25-66
activity#com.dream.agingtest.ResultsActivity
ADDED from src\main\AndroidManifest.xml:29:9-33:20
	android:screenOrientation
		ADDED from src\main\AndroidManifest.xml:31:13-49
	android:label
		ADDED from src\main\AndroidManifest.xml:30:13-45
	android:configChanges
		ADDED from src\main\AndroidManifest.xml:32:13-72
	android:name
		ADDED from src\main\AndroidManifest.xml:29:19-69
service#com.dream.agingtest.WlanAgingTestService
ADDED from src\main\AndroidManifest.xml:35:9-41:19
	android:exported
		ADDED from src\main\AndroidManifest.xml:37:13-36
	android:name
		ADDED from src\main\AndroidManifest.xml:36:13-68
intent-filter#action:name:com.dream.agingtest.WlanAgingTestService.action.START_SERVICE
ADDED from src\main\AndroidManifest.xml:38:13-40:29
action#com.dream.agingtest.WlanAgingTestService.action.START_SERVICE
ADDED from src\main\AndroidManifest.xml:39:17-104
	android:name
		ADDED from src\main\AndroidManifest.xml:39:25-101
service#com.dream.agingtest.BluetoothAgingTestService
ADDED from src\main\AndroidManifest.xml:43:9-49:19
	android:exported
		ADDED from src\main\AndroidManifest.xml:45:13-36
	android:name
		ADDED from src\main\AndroidManifest.xml:44:13-73
intent-filter#action:name:com.dream.agingtest.BluetoothAgingTestService.action.START_SERVICE
ADDED from src\main\AndroidManifest.xml:46:13-48:29
action#com.dream.agingtest.BluetoothAgingTestService.action.START_SERVICE
ADDED from src\main\AndroidManifest.xml:47:17-109
	android:name
		ADDED from src\main\AndroidManifest.xml:47:25-106
service#com.dream.agingtest.GpsAgingTestService
ADDED from src\main\AndroidManifest.xml:51:9-57:19
	android:exported
		ADDED from src\main\AndroidManifest.xml:53:13-36
	android:name
		ADDED from src\main\AndroidManifest.xml:52:13-67
intent-filter#action:name:com.dream.agingtest.GpsAgingTestService.action.START_SERVICE
ADDED from src\main\AndroidManifest.xml:54:13-56:29
action#com.dream.agingtest.GpsAgingTestService.action.START_SERVICE
ADDED from src\main\AndroidManifest.xml:55:17-103
	android:name
		ADDED from src\main\AndroidManifest.xml:55:25-100
service#com.dream.agingtest.MicAgingTestService
ADDED from src\main\AndroidManifest.xml:59:9-65:19
	android:exported
		ADDED from src\main\AndroidManifest.xml:61:13-36
	android:name
		ADDED from src\main\AndroidManifest.xml:60:13-67
intent-filter#action:name:com.dream.agingtest.MicAgingTestService.action.START_SERVICE
ADDED from src\main\AndroidManifest.xml:62:13-64:29
action#com.dream.agingtest.MicAgingTestService.action.START_SERVICE
ADDED from src\main\AndroidManifest.xml:63:17-103
	android:name
		ADDED from src\main\AndroidManifest.xml:63:25-100
receiver#com.dream.agingtest.SecretCodeReceiver
ADDED from src\main\AndroidManifest.xml:67:9-74:20
	android:name
		ADDED from src\main\AndroidManifest.xml:67:19-53
intent-filter#action:name:android.provider.Telephony.SECRET_CODE+data:host:0760+data:scheme:android_secret_code
ADDED from src\main\AndroidManifest.xml:68:13-73:29
action#android.provider.Telephony.SECRET_CODE
ADDED from src\main\AndroidManifest.xml:69:17-81
	android:name
		ADDED from src\main\AndroidManifest.xml:69:25-78
data
ADDED from src\main\AndroidManifest.xml:70:17-72:60
	android:host
		ADDED from src\main\AndroidManifest.xml:71:21-40
	android:scheme
		ADDED from src\main\AndroidManifest.xml:72:21-57
uses-permission#android.permission.VIBRATE
ADDED from src\main\AndroidManifest.xml:79:5-65
	android:name
		ADDED from src\main\AndroidManifest.xml:79:22-63
uses-permission#android.permission.WRITE_EXTERNAL_STORAGE
ADDED from src\main\AndroidManifest.xml:80:5-80
	android:name
		ADDED from src\main\AndroidManifest.xml:80:22-78
uses-permission#android.permission.CAMERA
ADDED from src\main\AndroidManifest.xml:81:5-64
	android:name
		ADDED from src\main\AndroidManifest.xml:81:22-62
uses-permission#android.permission.MODIFY_AUDIO_SETTINGS
ADDED from src\main\AndroidManifest.xml:82:5-79
	android:name
		ADDED from src\main\AndroidManifest.xml:82:22-77
uses-permission#android.permission.ACCESS_FINE_LOCATION
ADDED from src\main\AndroidManifest.xml:83:5-78
	android:name
		ADDED from src\main\AndroidManifest.xml:83:22-76
uses-permission#android.permission.WRITE_SETTINGS
ADDED from src\main\AndroidManifest.xml:84:5-72
	android:name
		ADDED from src\main\AndroidManifest.xml:84:22-70
uses-permission#android.permission.DISABLE_KEYGUARD
ADDED from src\main\AndroidManifest.xml:85:5-74
	android:name
		ADDED from src\main\AndroidManifest.xml:85:22-72
uses-permission#android.permission.ACCESS_COARSE_LOCATION
ADDED from src\main\AndroidManifest.xml:86:5-80
	android:name
		ADDED from src\main\AndroidManifest.xml:86:22-78
uses-permission#android.permission.BLUETOOTH
ADDED from src\main\AndroidManifest.xml:87:5-68
	android:name
		ADDED from src\main\AndroidManifest.xml:87:22-65
uses-permission#android.permission.BLUETOOTH_ADMIN
ADDED from src\main\AndroidManifest.xml:88:5-74
	android:name
		ADDED from src\main\AndroidManifest.xml:88:22-71
uses-permission#android.permission.ACCESS_WIFI_STATE
ADDED from src\main\AndroidManifest.xml:89:5-76
	android:name
		ADDED from src\main\AndroidManifest.xml:89:22-73
uses-permission#android.permission.CHANGE_WIFI_STATE
ADDED from src\main\AndroidManifest.xml:91:5-76
	android:name
		ADDED from src\main\AndroidManifest.xml:91:22-73
uses-permission#android.permission.INTERNET
ADDED from src\main\AndroidManifest.xml:92:5-67
	android:name
		ADDED from src\main\AndroidManifest.xml:92:22-64
uses-feature#android.hardware.camera
ADDED from src\main\AndroidManifest.xml:94:9-66
	android:name
		ADDED from src\main\AndroidManifest.xml:94:23-63
uses-feature#android.hardware.camera.autofocus
ADDED from src\main\AndroidManifest.xml:95:9-76
	android:name
		ADDED from src\main\AndroidManifest.xml:95:23-73
uses-permission#android.permission.CHANGE_NETWORK_STATE
ADDED from src\main\AndroidManifest.xml:96:5-79
	android:name
		ADDED from src\main\AndroidManifest.xml:96:22-76
uses-permission#android.permission.ACCESS_NETWORK_STATE
ADDED from src\main\AndroidManifest.xml:97:5-79
	android:name
		ADDED from src\main\AndroidManifest.xml:97:22-76
uses-permission#android.permission.RECORD_AUDIO
ADDED from src\main\AndroidManifest.xml:98:5-71
	android:name
		ADDED from src\main\AndroidManifest.xml:98:22-68
uses-permission#android.permission.FLASHLIGHT
ADDED from src\main\AndroidManifest.xml:99:5-69
	android:name
		ADDED from src\main\AndroidManifest.xml:99:22-66
uses-permission#android.permission.MANAGE_ACCOUNTS
ADDED from src\main\AndroidManifest.xml:100:5-74
	android:name
		ADDED from src\main\AndroidManifest.xml:100:22-71
uses-permission#android.permission.WRITE_SYNC_SETTINGS
ADDED from src\main\AndroidManifest.xml:102:5-78
	android:name
		ADDED from src\main\AndroidManifest.xml:102:22-75